--- [2026-05-07 23:53:53] Pre-Commit Triggered ---
..
----------------------------------------------------------------------
Ran 2 tests in 0.000s

OK

[TEST] Calculated Latency: 42.67ms
 [SUCCESS] Tests passed. Proceeding with commit.
--- [2026-05-08 20:38:48] Pre-Commit Triggered ---
..
----------------------------------------------------------------------
Ran 2 tests in 0.003s

OK

[TEST] Calculated Latency: 42.67ms
 [SUCCESS] Tests passed. Proceeding with commit.
--- [2026-05-08 21:08:19] Pre-Commit Triggered ---
..
----------------------------------------------------------------------
Ran 2 tests in 0.001s

OK

[TEST] Calculated Latency: 42.67ms
 [SUCCESS] Tests passed. Proceeding with commit.
